11:23:02 **** Incremental Build of configuration Nios II for project counter ****
wsl make all 
Info: Building /mnt/c/Users/jeff7/Documents/GitHub/FPGA/CPUcounter/software/counter_bsp/
make --no-print-directory -C /mnt/c/Users/jeff7/Documents/GitHub/FPGA/CPUcounter/software/counter_bsp/
[BSP build complete]
Info: Compiling hello_world_small.c to obj/default/hello_world_small.o
nios2-elf-gcc.exe -xc -MP -MMD -c -IC:/Users/jeff7/Documents/GitHub/FPGA/CPUcounter/software/counter_bsp/HAL/inc -IC:/Users/jeff7/Documents/GitHub/FPGA/CPUcounter/software/counter_bsp/ -IC:/Users/jeff7/Documents/GitHub/FPGA/CPUcounter/software/counter_bsp/drivers/inc  -pipe -D__hal__ -DALT_NO_C_PLUS_PLUS -DALT_NO_CLEAN_EXIT -D'exit(a)=_exit(a)' -DALT_NO_EXIT -DALT_USE_DIRECT_DRIVERS -DALT_NO_INSTRUCTION_EMULATION -DALT_USE_SMALL_DRIVERS -DSMALL_C_LIB -DALT_SINGLE_THREADED    -Os -g -Wall   -mno-hw-div -mhw-mul -mno-hw-mulx -mgpopt=global  -o obj/default/hello_world_small.o hello_world_small.c
Info: Linking counter.elf
nios2-elf-g++.exe  -T'C:/Users/jeff7/Documents/GitHub/FPGA/CPUcounter/software/counter_bsp/linker.x' -msys-crt0='C:/Users/jeff7/Documents/GitHub/FPGA/CPUcounter/software/counter_bsp/obj/HAL/src/crt0.o' -msys-lib=hal_bsp -LC:/Users/jeff7/Documents/GitHub/FPGA/CPUcounter/software/counter_bsp/  -msmallc  -Wl,-Map=counter.map   -Os -g -Wall   -mno-hw-div -mhw-mul -mno-hw-mulx -mgpopt=global  -o counter.elf obj/default/hello_world_small.o -lm -msys-lib=m
nios2-elf-insert.exe counter.elf --thread_model hal --cpu_name nios2_gen2 --qsys true --simulation_enabled false --stderr_dev jtag_uart --stdin_dev jtag_uart --stdout_dev jtag_uart --sopc_system_name CPU --quartus_project_dir "C:/Users/jeff7/Documents/GitHub/FPGA/CPUcounter" --jdi ../..//output_files/CPUcounter.jdi
Unable to determine program-size.
Info: Creating counter.objdump
nios2-elf-objdump.exe --disassemble --syms --all-header --source counter.elf >counter.objdump
[counter build complete]
11:23:41 **** Build of configuration Nios II for project counter ****
wsl make all 
Info: Building /mnt/c/Users/jeff7/Documents/GitHub/FPGA/CPUcounter/software/counter_bsp/
make --no-print-directory -C /mnt/c/Users/jeff7/Documents/GitHub/FPGA/CPUcounter/software/counter_bsp/
[BSP build complete]
[counter build complete]
11:23:42 **** Incremental Build of configuration Nios II for project counter ****
wsl make all 
Info: Building /mnt/c/Users/jeff7/Documents/GitHub/FPGA/CPUcounter/software/counter_bsp/
make --no-print-directory -C /mnt/c/Users/jeff7/Documents/GitHub/FPGA/CPUcounter/software/counter_bsp/
[BSP build complete]
[counter build complete]
11:24:22 **** Build of configuration Nios II for project counter ****
wsl make all 
Info: Building /mnt/c/Users/jeff7/Documents/GitHub/FPGA/CPUcounter/software/counter_bsp/
make --no-print-directory -C /mnt/c/Users/jeff7/Documents/GitHub/FPGA/CPUcounter/software/counter_bsp/
[BSP build complete]
[counter build complete]
11:24:25 **** Incremental Build of configuration Nios II for project counter ****
wsl make all 
Info: Building /mnt/c/Users/jeff7/Documents/GitHub/FPGA/CPUcounter/software/counter_bsp/
make --no-print-directory -C /mnt/c/Users/jeff7/Documents/GitHub/FPGA/CPUcounter/software/counter_bsp/
[BSP build complete]
Info: Compiling hello_world_small.c to obj/default/hello_world_small.o
nios2-elf-gcc.exe -xc -MP -MMD -c -IC:/Users/jeff7/Documents/GitHub/FPGA/CPUcounter/software/counter_bsp/HAL/inc -IC:/Users/jeff7/Documents/GitHub/FPGA/CPUcounter/software/counter_bsp/ -IC:/Users/jeff7/Documents/GitHub/FPGA/CPUcounter/software/counter_bsp/drivers/inc  -pipe -D__hal__ -DALT_NO_C_PLUS_PLUS -DALT_NO_CLEAN_EXIT -D'exit(a)=_exit(a)' -DALT_NO_EXIT -DALT_USE_DIRECT_DRIVERS -DALT_NO_INSTRUCTION_EMULATION -DALT_USE_SMALL_DRIVERS -DSMALL_C_LIB -DALT_SINGLE_THREADED    -Os -g -Wall   -mno-hw-div -mhw-mul -mno-hw-mulx -mgpopt=global  -o obj/default/hello_world_small.o hello_world_small.c
Info: Linking counter.elf
nios2-elf-g++.exe  -T'C:/Users/jeff7/Documents/GitHub/FPGA/CPUcounter/software/counter_bsp/linker.x' -msys-crt0='C:/Users/jeff7/Documents/GitHub/FPGA/CPUcounter/software/counter_bsp/obj/HAL/src/crt0.o' -msys-lib=hal_bsp -LC:/Users/jeff7/Documents/GitHub/FPGA/CPUcounter/software/counter_bsp/  -msmallc  -Wl,-Map=counter.map   -Os -g -Wall   -mno-hw-div -mhw-mul -mno-hw-mulx -mgpopt=global  -o counter.elf obj/default/hello_world_small.o -lm -msys-lib=m
nios2-elf-insert.exe counter.elf --thread_model hal --cpu_name nios2_gen2 --qsys true --simulation_enabled false --stderr_dev jtag_uart --stdin_dev jtag_uart --stdout_dev jtag_uart --sopc_system_name CPU --quartus_project_dir "C:/Users/jeff7/Documents/GitHub/FPGA/CPUcounter" --jdi ../..//output_files/CPUcounter.jdi
Unable to determine program-size.
Info: Creating counter.objdump
nios2-elf-objdump.exe --disassemble --syms --all-header --source counter.elf >counter.objdump
[counter build complete]
11:27:42 **** Build of configuration Nios II for project counter ****
wsl make all 
Info: Building /mnt/c/Users/jeff7/Documents/GitHub/FPGA/CPUcounter/software/counter_bsp/
make --no-print-directory -C /mnt/c/Users/jeff7/Documents/GitHub/FPGA/CPUcounter/software/counter_bsp/
[BSP build complete]
[counter build complete]
11:27:45 **** Incremental Build of configuration Nios II for project counter ****
wsl make all 
Info: Building /mnt/c/Users/jeff7/Documents/GitHub/FPGA/CPUcounter/software/counter_bsp/
make --no-print-directory -C /mnt/c/Users/jeff7/Documents/GitHub/FPGA/CPUcounter/software/counter_bsp/
[BSP build complete]
Info: Compiling hello_world_small.c to obj/default/hello_world_small.o
nios2-elf-gcc.exe -xc -MP -MMD -c -IC:/Users/jeff7/Documents/GitHub/FPGA/CPUcounter/software/counter_bsp/HAL/inc -IC:/Users/jeff7/Documents/GitHub/FPGA/CPUcounter/software/counter_bsp/ -IC:/Users/jeff7/Documents/GitHub/FPGA/CPUcounter/software/counter_bsp/drivers/inc  -pipe -D__hal__ -DALT_NO_C_PLUS_PLUS -DALT_NO_CLEAN_EXIT -D'exit(a)=_exit(a)' -DALT_NO_EXIT -DALT_USE_DIRECT_DRIVERS -DALT_NO_INSTRUCTION_EMULATION -DALT_USE_SMALL_DRIVERS -DSMALL_C_LIB -DALT_SINGLE_THREADED    -Os -g -Wall   -mno-hw-div -mhw-mul -mno-hw-mulx -mgpopt=global  -o obj/default/hello_world_small.o hello_world_small.c
In file included from C:/Users/jeff7/Documents/GitHub/FPGA/CPUcounter/software/counter_bsp/drivers/inc/altera_avalon_pio_regs.h:34,
                 from hello_world_small.c:83:
hello_world_small.c: In function 'main':
hello_world_small.c:91:31: error: 'PIO_LED_BASE' undeclared (first use in this function); did you mean 'PIO_BASE'?
   IOWR_ALTERA_AVALON_PIO_DATA(PIO_LED_BASE, count & 0x01);
                               ^~~~~~~~~~~~
C:/Users/jeff7/Documents/GitHub/FPGA/CPUcounter/software/counter_bsp/HAL/inc/io.h:70:23: note: in definition of macro '__IO_CALC_ADDRESS_NATIVE'
   ((void *)(((alt_u8*)BASE) + ((REGNUM) * (SYSTEM_BUS_WIDTH/8))))
                       ^~~~
C:/Users/jeff7/Documents/GitHub/FPGA/CPUcounter/software/counter_bsp/drivers/inc/altera_avalon_pio_regs.h:38:55: note: in expansion of macro 'IOWR'
 #define IOWR_ALTERA_AVALON_PIO_DATA(base, data)       IOWR(base, 0, data)
                                                       ^~~~
hello_world_small.c:91:3: note: in expansion of macro 'IOWR_ALTERA_AVALON_PIO_DATA'
   IOWR_ALTERA_AVALON_PIO_DATA(PIO_LED_BASE, count & 0x01);
   ^~~~~~~~~~~~~~~~~~~~~~~~~~~
hello_world_small.c:91:31: note: each undeclared identifier is reported only once for each function it appears in
   IOWR_ALTERA_AVALON_PIO_DATA(PIO_LED_BASE, count & 0x01);
                               ^~~~~~~~~~~~
C:/Users/jeff7/Documents/GitHub/FPGA/CPUcounter/software/counter_bsp/HAL/inc/io.h:70:23: note: in definition of macro '__IO_CALC_ADDRESS_NATIVE'
   ((void *)(((alt_u8*)BASE) + ((REGNUM) * (SYSTEM_BUS_WIDTH/8))))
                       ^~~~
C:/Users/jeff7/Documents/GitHub/FPGA/CPUcounter/software/counter_bsp/drivers/inc/altera_avalon_pio_regs.h:38:55: note: in expansion of macro 'IOWR'
 #define IOWR_ALTERA_AVALON_PIO_DATA(base, data)       IOWR(base, 0, data)
                                                       ^~~~
hello_world_small.c:91:3: note: in expansion of macro 'IOWR_ALTERA_AVALON_PIO_DATA'
   IOWR_ALTERA_AVALON_PIO_DATA(PIO_LED_BASE, count & 0x01);
   ^~~~~~~~~~~~~~~~~~~~~~~~~~~
make: *** [Makefile:721: obj/default/hello_world_small.o] Error 1
11:28:06 **** Build of configuration Nios II for project counter ****
wsl make all 
Info: Building /mnt/c/Users/jeff7/Documents/GitHub/FPGA/CPUcounter/software/counter_bsp/
make --no-print-directory -C /mnt/c/Users/jeff7/Documents/GitHub/FPGA/CPUcounter/software/counter_bsp/
[BSP build complete]
Info: Compiling hello_world_small.c to obj/default/hello_world_small.o
nios2-elf-gcc.exe -xc -MP -MMD -c -IC:/Users/jeff7/Documents/GitHub/FPGA/CPUcounter/software/counter_bsp/HAL/inc -IC:/Users/jeff7/Documents/GitHub/FPGA/CPUcounter/software/counter_bsp/ -IC:/Users/jeff7/Documents/GitHub/FPGA/CPUcounter/software/counter_bsp/drivers/inc  -pipe -D__hal__ -DALT_NO_C_PLUS_PLUS -DALT_NO_CLEAN_EXIT -D'exit(a)=_exit(a)' -DALT_NO_EXIT -DALT_USE_DIRECT_DRIVERS -DALT_NO_INSTRUCTION_EMULATION -DALT_USE_SMALL_DRIVERS -DSMALL_C_LIB -DALT_SINGLE_THREADED    -Os -g -Wall   -mno-hw-div -mhw-mul -mno-hw-mulx -mgpopt=global  -o obj/default/hello_world_small.o hello_world_small.c
In file included from C:/Users/jeff7/Documents/GitHub/FPGA/CPUcounter/software/counter_bsp/drivers/inc/altera_avalon_pio_regs.h:34,
                 from hello_world_small.c:83:
hello_world_small.c: In function 'main':
hello_world_small.c:91:31: error: 'PIO_LED_BASE' undeclared (first use in this function); did you mean 'PIO_BASE'?
   IOWR_ALTERA_AVALON_PIO_DATA(PIO_LED_BASE, count & 0x01);
                               ^~~~~~~~~~~~
C:/Users/jeff7/Documents/GitHub/FPGA/CPUcounter/software/counter_bsp/HAL/inc/io.h:70:23: note: in definition of macro '__IO_CALC_ADDRESS_NATIVE'
   ((void *)(((alt_u8*)BASE) + ((REGNUM) * (SYSTEM_BUS_WIDTH/8))))
                       ^~~~
C:/Users/jeff7/Documents/GitHub/FPGA/CPUcounter/software/counter_bsp/drivers/inc/altera_avalon_pio_regs.h:38:55: note: in expansion of macro 'IOWR'
 #define IOWR_ALTERA_AVALON_PIO_DATA(base, data)       IOWR(base, 0, data)
                                                       ^~~~
hello_world_small.c:91:3: note: in expansion of macro 'IOWR_ALTERA_AVALON_PIO_DATA'
   IOWR_ALTERA_AVALON_PIO_DATA(PIO_LED_BASE, count & 0x01);
   ^~~~~~~~~~~~~~~~~~~~~~~~~~~
hello_world_small.c:91:31: note: each undeclared identifier is reported only once for each function it appears in
   IOWR_ALTERA_AVALON_PIO_DATA(PIO_LED_BASE, count & 0x01);
                               ^~~~~~~~~~~~
C:/Users/jeff7/Documents/GitHub/FPGA/CPUcounter/software/counter_bsp/HAL/inc/io.h:70:23: note: in definition of macro '__IO_CALC_ADDRESS_NATIVE'
   ((void *)(((alt_u8*)BASE) + ((REGNUM) * (SYSTEM_BUS_WIDTH/8))))
                       ^~~~
C:/Users/jeff7/Documents/GitHub/FPGA/CPUcounter/software/counter_bsp/drivers/inc/altera_avalon_pio_regs.h:38:55: note: in expansion of macro 'IOWR'
 #define IOWR_ALTERA_AVALON_PIO_DATA(base, data)       IOWR(base, 0, data)
                                                       ^~~~
hello_world_small.c:91:3: note: in expansion of macro 'IOWR_ALTERA_AVALON_PIO_DATA'
   IOWR_ALTERA_AVALON_PIO_DATA(PIO_LED_BASE, count & 0x01);
   ^~~~~~~~~~~~~~~~~~~~~~~~~~~
make: *** [Makefile:721: obj/default/hello_world_small.o] Error 1
11:28:09 **** Incremental Build of configuration Nios II for project counter ****
wsl make all 
Info: Building /mnt/c/Users/jeff7/Documents/GitHub/FPGA/CPUcounter/software/counter_bsp/
make --no-print-directory -C /mnt/c/Users/jeff7/Documents/GitHub/FPGA/CPUcounter/software/counter_bsp/
[BSP build complete]
Info: Compiling hello_world_small.c to obj/default/hello_world_small.o
nios2-elf-gcc.exe -xc -MP -MMD -c -IC:/Users/jeff7/Documents/GitHub/FPGA/CPUcounter/software/counter_bsp/HAL/inc -IC:/Users/jeff7/Documents/GitHub/FPGA/CPUcounter/software/counter_bsp/ -IC:/Users/jeff7/Documents/GitHub/FPGA/CPUcounter/software/counter_bsp/drivers/inc  -pipe -D__hal__ -DALT_NO_C_PLUS_PLUS -DALT_NO_CLEAN_EXIT -D'exit(a)=_exit(a)' -DALT_NO_EXIT -DALT_USE_DIRECT_DRIVERS -DALT_NO_INSTRUCTION_EMULATION -DALT_USE_SMALL_DRIVERS -DSMALL_C_LIB -DALT_SINGLE_THREADED    -Os -g -Wall   -mno-hw-div -mhw-mul -mno-hw-mulx -mgpopt=global  -o obj/default/hello_world_small.o hello_world_small.c
Info: Linking counter.elf
nios2-elf-g++.exe  -T'C:/Users/jeff7/Documents/GitHub/FPGA/CPUcounter/software/counter_bsp/linker.x' -msys-crt0='C:/Users/jeff7/Documents/GitHub/FPGA/CPUcounter/software/counter_bsp/obj/HAL/src/crt0.o' -msys-lib=hal_bsp -LC:/Users/jeff7/Documents/GitHub/FPGA/CPUcounter/software/counter_bsp/  -msmallc  -Wl,-Map=counter.map   -Os -g -Wall   -mno-hw-div -mhw-mul -mno-hw-mulx -mgpopt=global  -o counter.elf obj/default/hello_world_small.o -lm -msys-lib=m
nios2-elf-insert.exe counter.elf --thread_model hal --cpu_name nios2_gen2 --qsys true --simulation_enabled false --stderr_dev jtag_uart --stdin_dev jtag_uart --stdout_dev jtag_uart --sopc_system_name CPU --quartus_project_dir "C:/Users/jeff7/Documents/GitHub/FPGA/CPUcounter" --jdi ../..//output_files/CPUcounter.jdi
Unable to determine program-size.
Info: Creating counter.objdump
nios2-elf-objdump.exe --disassemble --syms --all-header --source counter.elf >counter.objdump
[counter build complete]
11:28:34 **** Build of configuration Nios II for project counter ****
wsl make all 
Info: Building /mnt/c/Users/jeff7/Documents/GitHub/FPGA/CPUcounter/software/counter_bsp/
make --no-print-directory -C /mnt/c/Users/jeff7/Documents/GitHub/FPGA/CPUcounter/software/counter_bsp/
[BSP build complete]
[counter build complete]
11:28:37 **** Incremental Build of configuration Nios II for project counter ****
wsl make all 
Info: Building /mnt/c/Users/jeff7/Documents/GitHub/FPGA/CPUcounter/software/counter_bsp/
make --no-print-directory -C /mnt/c/Users/jeff7/Documents/GitHub/FPGA/CPUcounter/software/counter_bsp/
[BSP build complete]
Info: Compiling hello_world_small.c to obj/default/hello_world_small.o
nios2-elf-gcc.exe -xc -MP -MMD -c -IC:/Users/jeff7/Documents/GitHub/FPGA/CPUcounter/software/counter_bsp/HAL/inc -IC:/Users/jeff7/Documents/GitHub/FPGA/CPUcounter/software/counter_bsp/ -IC:/Users/jeff7/Documents/GitHub/FPGA/CPUcounter/software/counter_bsp/drivers/inc  -pipe -D__hal__ -DALT_NO_C_PLUS_PLUS -DALT_NO_CLEAN_EXIT -D'exit(a)=_exit(a)' -DALT_NO_EXIT -DALT_USE_DIRECT_DRIVERS -DALT_NO_INSTRUCTION_EMULATION -DALT_USE_SMALL_DRIVERS -DSMALL_C_LIB -DALT_SINGLE_THREADED    -Os -g -Wall   -mno-hw-div -mhw-mul -mno-hw-mulx -mgpopt=global  -o obj/default/hello_world_small.o hello_world_small.c
Info: Linking counter.elf
nios2-elf-g++.exe  -T'C:/Users/jeff7/Documents/GitHub/FPGA/CPUcounter/software/counter_bsp/linker.x' -msys-crt0='C:/Users/jeff7/Documents/GitHub/FPGA/CPUcounter/software/counter_bsp/obj/HAL/src/crt0.o' -msys-lib=hal_bsp -LC:/Users/jeff7/Documents/GitHub/FPGA/CPUcounter/software/counter_bsp/  -msmallc  -Wl,-Map=counter.map   -Os -g -Wall   -mno-hw-div -mhw-mul -mno-hw-mulx -mgpopt=global  -o counter.elf obj/default/hello_world_small.o -lm -msys-lib=m
nios2-elf-insert.exe counter.elf --thread_model hal --cpu_name nios2_gen2 --qsys true --simulation_enabled false --stderr_dev jtag_uart --stdin_dev jtag_uart --stdout_dev jtag_uart --sopc_system_name CPU --quartus_project_dir "C:/Users/jeff7/Documents/GitHub/FPGA/CPUcounter" --jdi ../..//output_files/CPUcounter.jdi
Unable to determine program-size.
Info: Creating counter.objdump
nios2-elf-objdump.exe --disassemble --syms --all-header --source counter.elf >counter.objdump
[counter build complete]
11:29:01 **** Build of configuration Nios II for project counter ****
wsl make all 
Info: Building /mnt/c/Users/jeff7/Documents/GitHub/FPGA/CPUcounter/software/counter_bsp/
make --no-print-directory -C /mnt/c/Users/jeff7/Documents/GitHub/FPGA/CPUcounter/software/counter_bsp/
[BSP build complete]
[counter build complete]
11:29:03 **** Incremental Build of configuration Nios II for project counter ****
wsl make all 
Info: Building /mnt/c/Users/jeff7/Documents/GitHub/FPGA/CPUcounter/software/counter_bsp/
make --no-print-directory -C /mnt/c/Users/jeff7/Documents/GitHub/FPGA/CPUcounter/software/counter_bsp/
[BSP build complete]
Info: Compiling hello_world_small.c to obj/default/hello_world_small.o
nios2-elf-gcc.exe -xc -MP -MMD -c -IC:/Users/jeff7/Documents/GitHub/FPGA/CPUcounter/software/counter_bsp/HAL/inc -IC:/Users/jeff7/Documents/GitHub/FPGA/CPUcounter/software/counter_bsp/ -IC:/Users/jeff7/Documents/GitHub/FPGA/CPUcounter/software/counter_bsp/drivers/inc  -pipe -D__hal__ -DALT_NO_C_PLUS_PLUS -DALT_NO_CLEAN_EXIT -D'exit(a)=_exit(a)' -DALT_NO_EXIT -DALT_USE_DIRECT_DRIVERS -DALT_NO_INSTRUCTION_EMULATION -DALT_USE_SMALL_DRIVERS -DSMALL_C_LIB -DALT_SINGLE_THREADED    -Os -g -Wall   -mno-hw-div -mhw-mul -mno-hw-mulx -mgpopt=global  -o obj/default/hello_world_small.o hello_world_small.c
Info: Linking counter.elf
nios2-elf-g++.exe  -T'C:/Users/jeff7/Documents/GitHub/FPGA/CPUcounter/software/counter_bsp/linker.x' -msys-crt0='C:/Users/jeff7/Documents/GitHub/FPGA/CPUcounter/software/counter_bsp/obj/HAL/src/crt0.o' -msys-lib=hal_bsp -LC:/Users/jeff7/Documents/GitHub/FPGA/CPUcounter/software/counter_bsp/  -msmallc  -Wl,-Map=counter.map   -Os -g -Wall   -mno-hw-div -mhw-mul -mno-hw-mulx -mgpopt=global  -o counter.elf obj/default/hello_world_small.o -lm -msys-lib=m
nios2-elf-insert.exe counter.elf --thread_model hal --cpu_name nios2_gen2 --qsys true --simulation_enabled false --stderr_dev jtag_uart --stdin_dev jtag_uart --stdout_dev jtag_uart --sopc_system_name CPU --quartus_project_dir "C:/Users/jeff7/Documents/GitHub/FPGA/CPUcounter" --jdi ../..//output_files/CPUcounter.jdi
Unable to determine program-size.
Info: Creating counter.objdump
nios2-elf-objdump.exe --disassemble --syms --all-header --source counter.elf >counter.objdump
[counter build complete]
11:29:23 **** Build of configuration Nios II for project counter ****
wsl make all 
Info: Building /mnt/c/Users/jeff7/Documents/GitHub/FPGA/CPUcounter/software/counter_bsp/
make --no-print-directory -C /mnt/c/Users/jeff7/Documents/GitHub/FPGA/CPUcounter/software/counter_bsp/
[BSP build complete]
[counter build complete]
11:29:26 **** Incremental Build of configuration Nios II for project counter ****
wsl make all 
Info: Building /mnt/c/Users/jeff7/Documents/GitHub/FPGA/CPUcounter/software/counter_bsp/
make --no-print-directory -C /mnt/c/Users/jeff7/Documents/GitHub/FPGA/CPUcounter/software/counter_bsp/
[BSP build complete]
Info: Compiling hello_world_small.c to obj/default/hello_world_small.o
nios2-elf-gcc.exe -xc -MP -MMD -c -IC:/Users/jeff7/Documents/GitHub/FPGA/CPUcounter/software/counter_bsp/HAL/inc -IC:/Users/jeff7/Documents/GitHub/FPGA/CPUcounter/software/counter_bsp/ -IC:/Users/jeff7/Documents/GitHub/FPGA/CPUcounter/software/counter_bsp/drivers/inc  -pipe -D__hal__ -DALT_NO_C_PLUS_PLUS -DALT_NO_CLEAN_EXIT -D'exit(a)=_exit(a)' -DALT_NO_EXIT -DALT_USE_DIRECT_DRIVERS -DALT_NO_INSTRUCTION_EMULATION -DALT_USE_SMALL_DRIVERS -DSMALL_C_LIB -DALT_SINGLE_THREADED    -Os -g -Wall   -mno-hw-div -mhw-mul -mno-hw-mulx -mgpopt=global  -o obj/default/hello_world_small.o hello_world_small.c
Info: Linking counter.elf
nios2-elf-g++.exe  -T'C:/Users/jeff7/Documents/GitHub/FPGA/CPUcounter/software/counter_bsp/linker.x' -msys-crt0='C:/Users/jeff7/Documents/GitHub/FPGA/CPUcounter/software/counter_bsp/obj/HAL/src/crt0.o' -msys-lib=hal_bsp -LC:/Users/jeff7/Documents/GitHub/FPGA/CPUcounter/software/counter_bsp/  -msmallc  -Wl,-Map=counter.map   -Os -g -Wall   -mno-hw-div -mhw-mul -mno-hw-mulx -mgpopt=global  -o counter.elf obj/default/hello_world_small.o -lm -msys-lib=m
nios2-elf-insert.exe counter.elf --thread_model hal --cpu_name nios2_gen2 --qsys true --simulation_enabled false --stderr_dev jtag_uart --stdin_dev jtag_uart --stdout_dev jtag_uart --sopc_system_name CPU --quartus_project_dir "C:/Users/jeff7/Documents/GitHub/FPGA/CPUcounter" --jdi ../..//output_files/CPUcounter.jdi
Unable to determine program-size.
Info: Creating counter.objdump
nios2-elf-objdump.exe --disassemble --syms --all-header --source counter.elf >counter.objdump
[counter build complete]
