Flow report for CPU-blinkLed
Fri Aug 07 10:44:11 2020
Quartus Prime Version 19.1.0 Build 670 09/22/2019 SJ Lite Edition


---------------------
; Table of Contents ;
---------------------
  1. Legal Notice
  2. Flow Summary
  3. Flow Settings
  4. Flow Non-Default Global Settings
  5. Flow Elapsed Time
  6. Flow OS Summary
  7. Flow Log
  8. Flow Messages
  9. Flow Suppressed Messages



----------------
; Legal Notice ;
----------------
Copyright (C) 2019  Intel Corporation. All rights reserved.
Your use of Intel Corporation's design tools, logic functions 
and other software and tools, and any partner logic 
functions, and any output files from any of the foregoing 
(including device programming or simulation files), and any 
associated documentation or information are expressly subject 
to the terms and conditions of the Intel Program License 
Subscription Agreement, the Intel Quartus Prime License Agreement,
the Intel FPGA IP License Agreement, or other applicable license
agreement, including, without limitation, that your use is for
the sole purpose of programming logic devices manufactured by
Intel and sold by Intel or its authorized distributors.  Please
refer to the applicable agreement for further details, at
https://fpgasoftware.intel.com/eula.



+----------------------------------------------------------------------------------+
; Flow Summary                                                                     ;
+------------------------------------+---------------------------------------------+
; Flow Status                        ; Successful - Fri Aug 07 10:44:04 2020       ;
; Quartus Prime Version              ; 19.1.0 Build 670 09/22/2019 SJ Lite Edition ;
; Revision Name                      ; CPU-blinkLed                                ;
; Top-level Entity Name              ; CPUblinkLed                                 ;
; Family                             ; Cyclone IV E                                ;
; Device                             ; EP4CE22F17C6                                ;
; Timing Models                      ; Final                                       ;
; Total logic elements               ; 3,235 / 22,320 ( 14 % )                     ;
;     Total combinational functions  ; 2,879 / 22,320 ( 13 % )                     ;
;     Dedicated logic registers      ; 1,900 / 22,320 ( 9 % )                      ;
; Total registers                    ; 1900                                        ;
; Total pins                         ; 9 / 154 ( 6 % )                             ;
; Total virtual pins                 ; 0                                           ;
; Total memory bits                  ; 271,360 / 608,256 ( 45 % )                  ;
; Embedded Multiplier 9-bit elements ; 6 / 132 ( 5 % )                             ;
; Total PLLs                         ; 0 / 4 ( 0 % )                               ;
+------------------------------------+---------------------------------------------+


+-----------------------------------------+
; Flow Settings                           ;
+-------------------+---------------------+
; Option            ; Setting             ;
+-------------------+---------------------+
; Start date & time ; 08/07/2020 10:42:25 ;
; Main task         ; Compilation         ;
; Revision Name     ; CPU-blinkLed        ;
+-------------------+---------------------+


+----------------------------------------------------------------------------------------------------------------------------------------------------+
; Flow Non-Default Global Settings                                                                                                                   ;
+-------------------------------------+-----------------------------------------------------------------+---------------+---------------+------------+
; Assignment Name                     ; Value                                                           ; Default Value ; Entity Name   ; Section Id ;
+-------------------------------------+-----------------------------------------------------------------+---------------+---------------+------------+
; COMPILER_SIGNATURE_ID               ; 277375815847340.159680774419732                                 ; --            ; --            ; --         ;
; MAX_CORE_JUNCTION_TEMP              ; 85                                                              ; --            ; --            ; --         ;
; MIN_CORE_JUNCTION_TEMP              ; 0                                                               ; --            ; --            ; --         ;
; MISC_FILE                           ; DE0_NANO_SOPC/synthesis/../DE0_NANO_SOPC.cmp                    ; --            ; --            ; --         ;
; MISC_FILE                           ; DE0_NANO_SOPC/synthesis/../../DE0_NANO_SOPC.qsys                ; --            ; --            ; --         ;
; NOMINAL_CORE_SUPPLY_VOLTAGE         ; 1.2V                                                            ; --            ; --            ; --         ;
; PARTITION_COLOR                     ; -- (Not supported for targeted family)                          ; --            ; CPUblinkLed   ; Top        ;
; PARTITION_FITTER_PRESERVATION_LEVEL ; -- (Not supported for targeted family)                          ; --            ; CPUblinkLed   ; Top        ;
; PARTITION_NETLIST_TYPE              ; -- (Not supported for targeted family)                          ; --            ; CPUblinkLed   ; Top        ;
; POWER_BOARD_THERMAL_MODEL           ; None (CONSERVATIVE)                                             ; --            ; --            ; --         ;
; POWER_PRESET_COOLING_SOLUTION       ; 23 MM HEAT SINK WITH 200 LFPM AIRFLOW                           ; --            ; --            ; --         ;
; PROJECT_OUTPUT_DIRECTORY            ; output_files                                                    ; --            ; --            ; --         ;
; SLD_FILE                            ; DE0_NANO_SOPC/synthesis/DE0_NANO_SOPC.regmap                    ; --            ; --            ; --         ;
; SLD_FILE                            ; DE0_NANO_SOPC/synthesis/DE0_NANO_SOPC.debuginfo                 ; --            ; --            ; --         ;
; SLD_INFO                            ; QSYS_NAME DE0_NANO_SOPC HAS_SOPCINFO 1 GENERATION_ID 1596722261 ; --            ; DE0_NANO_SOPC ; --         ;
; SOPCINFO_FILE                       ; DE0_NANO_SOPC/synthesis/../../DE0_NANO_SOPC.sopcinfo            ; --            ; --            ; --         ;
; SYNTHESIS_ONLY_QIP                  ; On                                                              ; --            ; --            ; --         ;
; TOP_LEVEL_ENTITY                    ; CPUblinkLed                                                     ; CPU-blinkLed  ; --            ; --         ;
+-------------------------------------+-----------------------------------------------------------------+---------------+---------------+------------+


+--------------------------------------------------------------------------------------------------------------------------+
; Flow Elapsed Time                                                                                                        ;
+----------------------+--------------+-------------------------+---------------------+------------------------------------+
; Module Name          ; Elapsed Time ; Average Processors Used ; Peak Virtual Memory ; Total CPU Time (on all processors) ;
+----------------------+--------------+-------------------------+---------------------+------------------------------------+
; Analysis & Synthesis ; 00:01:07     ; 1.0                     ; 4937 MB             ; 00:01:37                           ;
; Fitter               ; 00:00:22     ; 1.0                     ; 5327 MB             ; 00:00:26                           ;
; Assembler            ; 00:00:03     ; 1.0                     ; 4708 MB             ; 00:00:03                           ;
; Timing Analyzer      ; 00:00:06     ; 1.1                     ; 4815 MB             ; 00:00:05                           ;
; Total                ; 00:01:38     ; --                      ; --                  ; 00:02:11                           ;
+----------------------+--------------+-------------------------+---------------------+------------------------------------+


+------------------------------------------------------------------------------------+
; Flow OS Summary                                                                    ;
+----------------------+------------------+------------+------------+----------------+
; Module Name          ; Machine Hostname ; OS Name    ; OS Version ; Processor type ;
+----------------------+------------------+------------+------------+----------------+
; Analysis & Synthesis ; JeffersonLopes   ; Windows 10 ; 10.0       ; x86_64         ;
; Fitter               ; JeffersonLopes   ; Windows 10 ; 10.0       ; x86_64         ;
; Assembler            ; JeffersonLopes   ; Windows 10 ; 10.0       ; x86_64         ;
; Timing Analyzer      ; JeffersonLopes   ; Windows 10 ; 10.0       ; x86_64         ;
+----------------------+------------------+------------+------------+----------------+


------------
; Flow Log ;
------------
quartus_map --read_settings_files=on --write_settings_files=off CPU-blinkLed -c CPU-blinkLed
quartus_fit --read_settings_files=off --write_settings_files=off CPU-blinkLed -c CPU-blinkLed
quartus_asm --read_settings_files=off --write_settings_files=off CPU-blinkLed -c CPU-blinkLed
quartus_sta CPU-blinkLed -c CPU-blinkLed



